A.L.E: Arcade Learning Environment (version 0.8.1+53f58b7)
[Powered by Stella]
/home/flynn/DevOps/projects/RL_Training/.venv/lib/python3.10/site-packages/ale_py/roms/__init__.py:118: DeprecationWarning: Automatic importing of atari-py roms won't be supported in future releases of ale-py. Please migrate over to using `ale-import-roms` OR an ALE-supported ROM package. To make this warning disappear you can run `ale-import-roms --import-from-pkg atari_py.atari_roms`. For more information see: https://github.com/mgbellemare/Arcade-Learning-Environment#rom-management
  path = _resolve_rom(name)
Loading existing model from ppo_Breakout-v4.zip
Wrapping the env with a `Monitor` wrapper
Wrapping the env in a DummyVecEnv.
Wrapping the env in a VecTransposeImage.
---------------------------------
| rollout/           |          |
|    ep_len_mean     | 256      |
|    ep_rew_mean     | 1.52     |
| time/              |          |
|    fps             | 129      |
|    iterations      | 1        |
|    time_elapsed    | 31       |
|    total_timesteps | 8192     |
---------------------------------
Checkpoint saved at 2048 timesteps
Training progress: 2048/512000 timesteps completed.
---------------------------------
| rollout/           |          |
|    ep_len_mean     | 253      |
|    ep_rew_mean     | 1.5      |
| time/              |          |
|    fps             | 127      |
|    iterations      | 1        |
|    time_elapsed    | 32       |
|    total_timesteps | 12288    |
---------------------------------
Checkpoint saved at 4096 timesteps
Training progress: 4096/512000 timesteps completed.
---------------------------------
| rollout/           |          |
|    ep_len_mean     | 256      |
|    ep_rew_mean     | 1.54     |
| time/              |          |
|    fps             | 128      |
|    iterations      | 1        |
|    time_elapsed    | 31       |
|    total_timesteps | 16384    |
---------------------------------
